
ğŸš€ Starting Complete Checkout Flow Test
================================================================================
Testing 3 complete orders


================================================================================
ğŸ›’ Order 1: Business Cards - Residential Delivery
================================================================================

ğŸ“ Step 1: Navigating to product page...
   ğŸ“¸ Screenshot saved: test-screenshots/order1-step1-product-page-2025-10-21T15-01-58-208Z.png
   âœ… Product page loaded

ğŸ“ Step 2: Configuring product...
   ğŸ“¸ Screenshot saved: test-screenshots/order1-step2-configured-2025-10-21T15-01-59-343Z.png

ğŸ“ Step 3: Adding to cart...

âŒ Error in order 1: Could not find "Add to Cart" button
   ğŸ“¸ Screenshot saved: test-screenshots/order1-error-2025-10-21T15-01-59-471Z.png

â³ Waiting 3 seconds before next order...


================================================================================
ğŸ›’ Order 2: Flyers - Business Delivery
================================================================================

ğŸ“ Step 1: Navigating to product page...
   ğŸ“¸ Screenshot saved: test-screenshots/order2-step1-product-page-2025-10-21T15-02-05-725Z.png
   âœ… Product page loaded

ğŸ“ Step 2: Configuring product...
   ğŸ“¸ Screenshot saved: test-screenshots/order2-step2-configured-2025-10-21T15-02-06-832Z.png

ğŸ“ Step 3: Adding to cart...

âŒ Error in order 2: Could not find "Add to Cart" button
   ğŸ“¸ Screenshot saved: test-screenshots/order2-error-2025-10-21T15-02-06-922Z.png

â³ Waiting 3 seconds before next order...


================================================================================
ğŸ›’ Order 3: Brochures - Residential Delivery
================================================================================

ğŸ“ Step 1: Navigating to product page...
   ğŸ“¸ Screenshot saved: test-screenshots/order3-step1-product-page-2025-10-21T15-02-13-090Z.png
   âœ… Product page loaded

ğŸ“ Step 2: Configuring product...
   ğŸ“¸ Screenshot saved: test-screenshots/order3-step2-configured-2025-10-21T15-02-14-236Z.png

ğŸ“ Step 3: Adding to cart...

âŒ Error in order 3: Could not find "Add to Cart" button
   ğŸ“¸ Screenshot saved: test-screenshots/order3-error-2025-10-21T15-02-14-379Z.png


================================================================================
ğŸ“Š FINAL TEST REPORT
================================================================================

SUMMARY
-------
Total Orders: 3
Successful: 0
Failed: 3
Success Rate: 0.0%

DETAILED RESULTS
----------------

1. Order 1: Business Cards - Residential Delivery
   Status: âŒ FAILED
   FedEx Rates Found: 0
   Expected Service: 
   Steps Completed:
     âœ… productPageLoaded
   Errors:
     - Could not find "Add to Cart" button
   Screenshots: 3

2. Order 2: Flyers - Business Delivery
   Status: âŒ FAILED
   FedEx Rates Found: 0
   Expected Service: 
   Steps Completed:
     âœ… productPageLoaded
   Errors:
     - Could not find "Add to Cart" button
   Screenshots: 3

3. Order 3: Brochures - Residential Delivery
   Status: âŒ FAILED
   FedEx Rates Found: 0
   Expected Service: 
   Steps Completed:
     âœ… productPageLoaded
   Errors:
     - Could not find "Add to Cart" button
   Screenshots: 3

CONCLUSION
----------
âŒ SOME ORDERS FAILED - Review details above

================================================================================

ğŸ“ Report saved: checkout-flow-test-report.json

